<?xml version="1.0" encoding="UTF-8"?>
<!-- Generated by org.testng.reporters.JUnitXMLReporter -->
<testsuite hostname="AERISIN-006" name="Hub Spot App Test Cases" tests="12" failures="0" timestamp="15 Aug 2019 16:37:58 GMT" time="32.636" errors="0">
  <testcase name="verifyLoginPageTitle" time="4.568" classname="com.qa.hubspot.test.LoginPageTest"/>
  <testcase name="verifySignUpLinkText" time="0.148" classname="com.qa.hubspot.test.LoginPageTest"/>
  <testcase name="verifyAccountText" time="0.062" classname="com.qa.hubspot.test.LoginPageTest"/>
  <testcase name="verifyEmailAddressText" time="0.078" classname="com.qa.hubspot.test.LoginPageTest"/>
  <testcase name="verifyPasswordText" time="0.061" classname="com.qa.hubspot.test.LoginPageTest"/>
  <testcase name="verifyShowPasswordText" time="0.103" classname="com.qa.hubspot.test.LoginPageTest"/>
  <testcase name="verifyForgotPasswordLink" time="0.116" classname="com.qa.hubspot.test.LoginPageTest"/>
  <testcase name="verifyRememberMeCheckbox" time="0.096" classname="com.qa.hubspot.test.LoginPageTest"/>
  <testcase name="verifyRememberMeText" time="0.058" classname="com.qa.hubspot.test.LoginPageTest"/>
  <testcase name="verifyGoogleButton" time="0.127" classname="com.qa.hubspot.test.LoginPageTest"/>
  <testcase name="verifySSOButton" time="0.104" classname="com.qa.hubspot.test.LoginPageTest"/>
  <testcase name="loginTestWithCorrectCredential" time="7.57" classname="com.qa.hubspot.test.LoginPageTest"/>
</testsuite> <!-- Hub Spot App Test Cases -->
