<?xml version="1.0" encoding="UTF-8"?>
<!-- Generated by org.testng.reporters.JUnitXMLReporter -->
<testsuite hostname="AERISIN-006" name="Default test" tests="12" failures="0" timestamp="15 Aug 2019 08:21:27 GMT" time="30.94" errors="0">
  <testcase name="verifyLoginPageTitle" time="2.365" classname="com.qa.hubspot.test.LoginPageTest"/>
  <testcase name="verifySignUpLinkText" time="0.146" classname="com.qa.hubspot.test.LoginPageTest"/>
  <testcase name="verifyAccountText" time="0.072" classname="com.qa.hubspot.test.LoginPageTest"/>
  <testcase name="verifyEmailAddressText" time="0.068" classname="com.qa.hubspot.test.LoginPageTest"/>
  <testcase name="verifyPasswordText" time="0.06" classname="com.qa.hubspot.test.LoginPageTest"/>
  <testcase name="verifyShowPasswordText" time="0.099" classname="com.qa.hubspot.test.LoginPageTest"/>
  <testcase name="verifyForgotPasswordLink" time="0.108" classname="com.qa.hubspot.test.LoginPageTest"/>
  <testcase name="verifyRememberMeCheckbox" time="0.103" classname="com.qa.hubspot.test.LoginPageTest"/>
  <testcase name="verifyRememberMeText" time="0.067" classname="com.qa.hubspot.test.LoginPageTest"/>
  <testcase name="verifyGoogleButton" time="0.091" classname="com.qa.hubspot.test.LoginPageTest"/>
  <testcase name="verifySSOButton" time="0.151" classname="com.qa.hubspot.test.LoginPageTest"/>
  <testcase name="loginTestWithCorrectCredential" time="7.539" classname="com.qa.hubspot.test.LoginPageTest"/>
</testsuite> <!-- Default test -->
