<?xml version="1.0" encoding="UTF-8"?>
<!-- Generated by org.testng.reporters.JUnitXMLReporter -->
<testsuite hostname="AERISIN-006" name="Test" tests="14" failures="0" timestamp="15 Aug 2019 16:30:50 GMT" time="90.05" errors="0">
  <testcase name="verifyHomePageTitle" time="1.184" classname="com.qa.hubspot.test.HomePageTest"/>
  <testcase name="verifyHomePageHeaderText" time="0.141" classname="com.qa.hubspot.test.HomePageTest"/>
  <testcase name="verifyLoginPageTitle" time="0.017" classname="com.qa.hubspot.test.LoginPageTest"/>
  <testcase name="verifySignUpLinkText" time="0.105" classname="com.qa.hubspot.test.LoginPageTest"/>
  <testcase name="verifyAccountText" time="0.063" classname="com.qa.hubspot.test.LoginPageTest"/>
  <testcase name="verifyEmailAddressText" time="0.065" classname="com.qa.hubspot.test.LoginPageTest"/>
  <testcase name="verifyPasswordText" time="0.06" classname="com.qa.hubspot.test.LoginPageTest"/>
  <testcase name="verifyShowPasswordText" time="0.094" classname="com.qa.hubspot.test.LoginPageTest"/>
  <testcase name="verifyForgotPasswordLink" time="0.122" classname="com.qa.hubspot.test.LoginPageTest"/>
  <testcase name="verifyRememberMeCheckbox" time="0.091" classname="com.qa.hubspot.test.LoginPageTest"/>
  <testcase name="verifyRememberMeText" time="0.063" classname="com.qa.hubspot.test.LoginPageTest"/>
  <testcase name="verifyGoogleButton" time="0.166" classname="com.qa.hubspot.test.LoginPageTest"/>
  <testcase name="verifySSOButton" time="0.157" classname="com.qa.hubspot.test.LoginPageTest"/>
  <testcase name="loginTestWithCorrectCredential" time="7.539" classname="com.qa.hubspot.test.LoginPageTest"/>
</testsuite> <!-- Test -->
