<?xml version="1.0" encoding="UTF-8"?>
<testng-results skipped="0" failed="0" total="12" passed="12">
  <reporter-output>
  </reporter-output>
  <suite name="Hub Spot Sanity Test Automation Suit" duration-ms="32636" started-at="2019-08-15T16:37:25Z" finished-at="2019-08-15T16:37:58Z">
    <groups>
    </groups>
    <test name="Hub Spot App Test Cases" duration-ms="32636" started-at="2019-08-15T16:37:25Z" finished-at="2019-08-15T16:37:58Z">
      <class name="com.qa.hubspot.test.LoginPageTest">
        <test-method status="PASS" signature="setUp()[pri:0, instance:com.qa.hubspot.test.LoginPageTest@23223dd8]" name="setUp" is-config="true" duration-ms="18703" started-at="2019-08-15T22:07:25Z" finished-at="2019-08-15T22:07:44Z">
          <reporter-output>
          </reporter-output>
        </test-method> <!-- setUp -->
        <test-method status="PASS" signature="verifyLoginPageTitle()[pri:1, instance:com.qa.hubspot.test.LoginPageTest@23223dd8]" name="verifyLoginPageTitle" duration-ms="4568" started-at="2019-08-15T22:07:44Z" finished-at="2019-08-15T22:07:48Z">
          <reporter-output>
          </reporter-output>
        </test-method> <!-- verifyLoginPageTitle -->
        <test-method status="PASS" signature="verifySignUpLinkText()[pri:2, instance:com.qa.hubspot.test.LoginPageTest@23223dd8]" name="verifySignUpLinkText" duration-ms="148" started-at="2019-08-15T22:07:48Z" finished-at="2019-08-15T22:07:49Z">
          <reporter-output>
          </reporter-output>
        </test-method> <!-- verifySignUpLinkText -->
        <test-method status="PASS" signature="verifyAccountText()[pri:3, instance:com.qa.hubspot.test.LoginPageTest@23223dd8]" name="verifyAccountText" duration-ms="62" started-at="2019-08-15T22:07:49Z" finished-at="2019-08-15T22:07:49Z">
          <reporter-output>
          </reporter-output>
        </test-method> <!-- verifyAccountText -->
        <test-method status="PASS" signature="verifyEmailAddressText()[pri:4, instance:com.qa.hubspot.test.LoginPageTest@23223dd8]" name="verifyEmailAddressText" duration-ms="78" started-at="2019-08-15T22:07:49Z" finished-at="2019-08-15T22:07:49Z">
          <reporter-output>
          </reporter-output>
        </test-method> <!-- verifyEmailAddressText -->
        <test-method status="PASS" signature="verifyPasswordText()[pri:5, instance:com.qa.hubspot.test.LoginPageTest@23223dd8]" name="verifyPasswordText" duration-ms="61" started-at="2019-08-15T22:07:49Z" finished-at="2019-08-15T22:07:49Z">
          <reporter-output>
          </reporter-output>
        </test-method> <!-- verifyPasswordText -->
        <test-method status="PASS" signature="verifyShowPasswordText()[pri:6, instance:com.qa.hubspot.test.LoginPageTest@23223dd8]" name="verifyShowPasswordText" duration-ms="103" started-at="2019-08-15T22:07:49Z" finished-at="2019-08-15T22:07:49Z">
          <reporter-output>
          </reporter-output>
        </test-method> <!-- verifyShowPasswordText -->
        <test-method status="PASS" signature="verifyForgotPasswordLink()[pri:7, instance:com.qa.hubspot.test.LoginPageTest@23223dd8]" name="verifyForgotPasswordLink" duration-ms="116" started-at="2019-08-15T22:07:49Z" finished-at="2019-08-15T22:07:49Z">
          <reporter-output>
          </reporter-output>
        </test-method> <!-- verifyForgotPasswordLink -->
        <test-method status="PASS" signature="verifyRememberMeCheckbox()[pri:8, instance:com.qa.hubspot.test.LoginPageTest@23223dd8]" name="verifyRememberMeCheckbox" duration-ms="96" started-at="2019-08-15T22:07:49Z" finished-at="2019-08-15T22:07:49Z">
          <reporter-output>
          </reporter-output>
        </test-method> <!-- verifyRememberMeCheckbox -->
        <test-method status="PASS" signature="verifyRememberMeText()[pri:9, instance:com.qa.hubspot.test.LoginPageTest@23223dd8]" name="verifyRememberMeText" duration-ms="58" started-at="2019-08-15T22:07:49Z" finished-at="2019-08-15T22:07:49Z">
          <reporter-output>
          </reporter-output>
        </test-method> <!-- verifyRememberMeText -->
        <test-method status="PASS" signature="verifyGoogleButton()[pri:10, instance:com.qa.hubspot.test.LoginPageTest@23223dd8]" name="verifyGoogleButton" duration-ms="127" started-at="2019-08-15T22:07:49Z" finished-at="2019-08-15T22:07:49Z">
          <reporter-output>
          </reporter-output>
        </test-method> <!-- verifyGoogleButton -->
        <test-method status="PASS" signature="verifySSOButton()[pri:11, instance:com.qa.hubspot.test.LoginPageTest@23223dd8]" name="verifySSOButton" duration-ms="104" started-at="2019-08-15T22:07:49Z" finished-at="2019-08-15T22:07:49Z">
          <reporter-output>
          </reporter-output>
        </test-method> <!-- verifySSOButton -->
        <test-method status="PASS" signature="loginTestWithCorrectCredential()[pri:12, instance:com.qa.hubspot.test.LoginPageTest@23223dd8]" name="loginTestWithCorrectCredential" duration-ms="7570" started-at="2019-08-15T22:07:49Z" finished-at="2019-08-15T22:07:57Z">
          <reporter-output>
          </reporter-output>
        </test-method> <!-- loginTestWithCorrectCredential -->
        <test-method status="PASS" signature="tearDown()[pri:0, instance:com.qa.hubspot.test.LoginPageTest@23223dd8]" name="tearDown" is-config="true" duration-ms="816" started-at="2019-08-15T22:07:57Z" finished-at="2019-08-15T22:07:58Z">
          <reporter-output>
          </reporter-output>
        </test-method> <!-- tearDown -->
      </class> <!-- com.qa.hubspot.test.LoginPageTest -->
    </test> <!-- Hub Spot App Test Cases -->
  </suite> <!-- Hub Spot Sanity Test Automation Suit -->
</testng-results>
